{
  "RSpec": {
    "coverage": {
      "/Users/imranyousuf/Desktop/PeerTracker/app/models/role.rb": [
        1,
        1,
        1,
        null,
        1,
        null,
        null,
        null,
        1,
        null
      ],
      "/Users/imranyousuf/Desktop/PeerTracker/app/models/user.rb": [
        1,
        1,
        1,
        1,
        null,
        null,
        null,
        1,
        1,
        null,
        1,
        0,
        0,
        null,
        null,
        null,
        1,
        0,
        null,
        null,
        1,
        null,
        null,
        1,
        null,
        null,
        null,
        null
      ],
      "/Users/imranyousuf/Desktop/PeerTracker/app/helpers/application_helper.rb": [
        1,
        1,
        0,
        null,
        0,
        null,
        0,
        null,
        0,
        null,
        0,
        null,
        0,
        null,
        null,
        null
      ],
      "/Users/imranyousuf/Desktop/PeerTracker/app/helpers/assignments_helper.rb": [
        1,
        null
      ],
      "/Users/imranyousuf/Desktop/PeerTracker/app/helpers/courses_helper.rb": [
        1,
        null
      ],
      "/Users/imranyousuf/Desktop/PeerTracker/app/helpers/feedbacks_helper.rb": [
        1,
        null
      ],
      "/Users/imranyousuf/Desktop/PeerTracker/app/helpers/instructors_helper.rb": [
        1,
        null
      ],
      "/Users/imranyousuf/Desktop/PeerTracker/app/helpers/students_helper.rb": [
        1,
        null
      ],
      "/Users/imranyousuf/Desktop/PeerTracker/app/helpers/teams_helper.rb": [
        1,
        null
      ],
      "/Users/imranyousuf/Desktop/PeerTracker/app/helpers/users_helper.rb": [
        1,
        null
      ],
      "/Users/imranyousuf/Desktop/PeerTracker/app/controllers/assignments_controller.rb": [
        1,
        1,
        null,
        null,
        null,
        1,
        0,
        0,
        null,
        null,
        1,
        0,
        0,
        0,
        null,
        null,
        null,
        null,
        1,
        0,
        null,
        null,
        null,
        1,
        0,
        null,
        null,
        null,
        1,
        0,
        0,
        null,
        null,
        null,
        null,
        1,
        0,
        0,
        0,
        0,
        0,
        null,
        0,
        0,
        0,
        null,
        0,
        0,
        0,
        0,
        0,
        null,
        0,
        0,
        null,
        null,
        null,
        null,
        null,
        null,
        1,
        0,
        0,
        0,
        null,
        0,
        0,
        0,
        null,
        null,
        0,
        0,
        0,
        0,
        null,
        0,
        0,
        null,
        null,
        null,
        null,
        null,
        null,
        1,
        0,
        0,
        0,
        0,
        null,
        null,
        null,
        1,
        null,
        1,
        0,
        null,
        null,
        null,
        1,
        0,
        null,
        null
      ],
      "/Users/imranyousuf/Desktop/PeerTracker/app/controllers/application_controller.rb": [
        1,
        null,
        null,
        1,
        0,
        null,
        1,
        null
      ],
      "/Users/imranyousuf/Desktop/PeerTracker/app/controllers/courses_controller.rb": [
        1,
        1,
        1,
        null,
        null,
        1,
        0,
        0,
        0,
        null,
        0,
        0,
        null,
        null,
        null,
        null,
        1,
        0,
        0,
        0,
        0,
        0,
        0,
        null,
        null,
        null,
        null,
        null,
        1,
        0,
        null,
        null,
        null,
        1,
        0,
        null,
        null,
        null,
        null,
        1,
        0,
        0,
        0,
        null,
        0,
        0,
        0,
        0,
        null,
        0,
        0,
        null,
        0,
        0,
        null,
        null,
        null,
        null,
        null,
        null,
        1,
        0,
        0,
        0,
        0,
        null,
        0,
        0,
        null,
        null,
        null,
        null,
        null,
        null,
        1,
        0,
        0,
        0,
        0,
        null,
        null,
        null,
        1,
        null,
        1,
        0,
        null,
        null,
        null,
        1,
        0,
        null,
        null,
        1,
        0,
        0,
        null,
        null,
        1,
        0,
        0,
        null,
        0,
        0,
        0,
        0,
        null,
        null,
        0,
        null,
        null
      ],
      "/Users/imranyousuf/Desktop/PeerTracker/app/controllers/feedbacks_controller.rb": [
        1,
        1,
        null,
        null,
        null,
        1,
        0,
        0,
        0,
        0,
        0,
        null,
        null,
        null,
        null,
        1,
        null,
        null,
        null,
        1,
        0,
        0,
        0,
        0,
        0,
        0,
        0,
        0,
        0,
        0,
        0,
        0,
        0,
        null,
        null,
        0,
        null,
        null,
        null,
        1,
        0,
        0,
        null,
        null,
        null,
        null,
        1,
        0,
        0,
        0,
        0,
        null,
        0,
        0,
        0,
        0,
        0,
        0,
        null,
        null,
        0,
        0,
        0,
        null,
        0,
        null,
        null,
        null,
        null,
        1,
        0,
        0,
        0,
        0,
        0,
        null,
        null,
        null,
        null,
        null,
        1,
        0,
        0,
        0,
        0,
        0,
        null,
        0,
        0,
        0,
        null,
        0,
        null,
        null,
        null,
        null,
        null,
        null,
        null,
        1,
        0,
        0,
        0,
        0,
        null,
        null,
        null,
        1,
        null,
        1,
        0,
        null,
        null,
        null,
        1,
        0,
        null,
        null
      ]
    },
    "timestamp": 1430251637
  },
  "Cucumber Features": {
    "coverage": {
      "/Users/imranyousuf/Desktop/PeerTracker/app/models/course.rb": [
        1,
        1,
        1,
        1,
        1,
        1,
        1,
        null,
        1,
        5,
        0,
        null,
        null,
        null
      ],
      "/Users/imranyousuf/Desktop/PeerTracker/app/models/team.rb": [
        1,
        1,
        1,
        1,
        1,
        1,
        1,
        null,
        1,
        0,
        0,
        null,
        null,
        null,
        null
      ],
      "/Users/imranyousuf/Desktop/PeerTracker/app/models/assignment.rb": [
        1,
        1,
        1,
        1,
        null
      ],
      "/Users/imranyousuf/Desktop/PeerTracker/app/controllers/application_controller.rb": [
        1,
        null,
        null,
        1,
        0,
        null,
        1,
        null
      ],
      "/Users/imranyousuf/Desktop/PeerTracker/app/helpers/application_helper.rb": [
        1,
        1,
        10,
        null,
        0,
        null,
        0,
        null,
        0,
        null,
        0,
        null,
        10,
        null,
        null,
        null
      ],
      "/Users/imranyousuf/Desktop/PeerTracker/app/helpers/assignments_helper.rb": [
        1,
        null
      ],
      "/Users/imranyousuf/Desktop/PeerTracker/app/helpers/courses_helper.rb": [
        1,
        null
      ],
      "/Users/imranyousuf/Desktop/PeerTracker/app/helpers/feedbacks_helper.rb": [
        1,
        null
      ],
      "/Users/imranyousuf/Desktop/PeerTracker/app/helpers/instructors_helper.rb": [
        1,
        null
      ],
      "/Users/imranyousuf/Desktop/PeerTracker/app/helpers/students_helper.rb": [
        1,
        null
      ],
      "/Users/imranyousuf/Desktop/PeerTracker/app/helpers/teams_helper.rb": [
        1,
        null
      ],
      "/Users/imranyousuf/Desktop/PeerTracker/app/helpers/users_helper.rb": [
        1,
        null
      ],
      "/Users/imranyousuf/Desktop/PeerTracker/app/controllers/courses_controller.rb": [
        1,
        1,
        1,
        null,
        null,
        1,
        5,
        0,
        0,
        null,
        5,
        5,
        null,
        null,
        null,
        null,
        1,
        0,
        0,
        0,
        0,
        0,
        0,
        null,
        null,
        null,
        null,
        null,
        1,
        0,
        null,
        null,
        null,
        1,
        0,
        null,
        null,
        null,
        null,
        1,
        0,
        0,
        0,
        null,
        0,
        0,
        0,
        0,
        null,
        0,
        0,
        null,
        0,
        0,
        null,
        null,
        null,
        null,
        null,
        null,
        1,
        0,
        0,
        0,
        0,
        null,
        0,
        0,
        null,
        null,
        null,
        null,
        null,
        null,
        1,
        0,
        0,
        0,
        0,
        null,
        null,
        null,
        1,
        null,
        1,
        0,
        null,
        null,
        null,
        1,
        0,
        null,
        null,
        1,
        0,
        0,
        null,
        null,
        1,
        0,
        0,
        null,
        0,
        0,
        0,
        0,
        null,
        null,
        0,
        null,
        null
      ],
      "/Users/imranyousuf/Desktop/PeerTracker/app/models/ability.rb": [
        1,
        1,
        null,
        1,
        null,
        null,
        null,
        null,
        null,
        null,
        null,
        null,
        null,
        null,
        null,
        null,
        null,
        null,
        null,
        null,
        null,
        null,
        null,
        null,
        null,
        null,
        null,
        null,
        null,
        null,
        17,
        17,
        0,
        17,
        0,
        0,
        0,
        17,
        15,
        15,
        15,
        15,
        15,
        15,
        15,
        2,
        2,
        2,
        2,
        2,
        2,
        2,
        2,
        null,
        0,
        null,
        null,
        null
      ],
      "/Users/imranyousuf/Desktop/PeerTracker/app/models/feedback.rb": [
        1,
        1,
        1,
        null
      ],
      "/Users/imranyousuf/Desktop/PeerTracker/app/controllers/feedbacks_controller.rb": [
        1,
        1,
        null,
        null,
        null,
        1,
        3,
        3,
        3,
        3,
        3,
        null,
        null,
        null,
        null,
        1,
        null,
        null,
        null,
        1,
        1,
        1,
        1,
        1,
        1,
        1,
        1,
        3,
        1,
        1,
        1,
        1,
        1,
        null,
        null,
        1,
        null,
        null,
        null,
        1,
        1,
        1,
        null,
        null,
        null,
        null,
        1,
        1,
        1,
        0,
        0,
        null,
        1,
        1,
        1,
        1,
        0,
        0,
        null,
        null,
        1,
        1,
        2,
        null,
        0,
        null,
        null,
        null,
        null,
        1,
        2,
        2,
        2,
        2,
        0,
        null,
        null,
        null,
        null,
        null,
        1,
        1,
        1,
        1,
        0,
        0,
        null,
        1,
        1,
        2,
        null,
        0,
        null,
        null,
        null,
        null,
        null,
        null,
        null,
        1,
        0,
        0,
        0,
        0,
        null,
        null,
        null,
        1,
        null,
        1,
        2,
        null,
        null,
        null,
        1,
        3,
        null,
        null
      ],
      "/Users/imranyousuf/Desktop/PeerTracker/app/controllers/teams_controller.rb": [
        1,
        1,
        1,
        null,
        null,
        null,
        1,
        6,
        6,
        6,
        6,
        null,
        null,
        null,
        null,
        1,
        0,
        null,
        0,
        0,
        0,
        0,
        0,
        null,
        null,
        null,
        null,
        null,
        null,
        null,
        1,
        2,
        2,
        null,
        null,
        null,
        1,
        1,
        1,
        null,
        null,
        null,
        null,
        1,
        2,
        2,
        2,
        2,
        2,
        2,
        null,
        0,
        null,
        2,
        2,
        4,
        null,
        null,
        null,
        0,
        0,
        0,
        null,
        0,
        0,
        null,
        0,
        null,
        0,
        null,
        null,
        null,
        null,
        null,
        null,
        1,
        1,
        1,
        1,
        1,
        1,
        null,
        0,
        0,
        0,
        null,
        1,
        1,
        2,
        null,
        null,
        0,
        null,
        null,
        null,
        null,
        null,
        null,
        null,
        1,
        0,
        0,
        0,
        null,
        null,
        null,
        1,
        0,
        0,
        0,
        null,
        0,
        null,
        null,
        null,
        1,
        null,
        1,
        2,
        null,
        null,
        null,
        1,
        5,
        null,
        null,
        1,
        6,
        6,
        3,
        3,
        3,
        7,
        3,
        null,
        4,
        null,
        null,
        null,
        null,
        3,
        null,
        6,
        null,
        null,
        1,
        3,
        null,
        38,
        18,
        18,
        18,
        18,
        null,
        0,
        null,
        0,
        null,
        4,
        null,
        null,
        null,
        null,
        null,
        1,
        4,
        null,
        null,
        1,
        2,
        2,
        2,
        2,
        6,
        4,
        4,
        null,
        null,
        2,
        null,
        null
      ]
    },
    "timestamp": 1430251707
  }
}
